<?xml version="1.0" encoding="UTF-8"?>
<testng-results ignored="0" total="1" passed="1" failed="0" skipped="0">
  <reporter-output>
  </reporter-output>
  <suite started-at="2023-12-22T12:37:01 IST" name="Surefire suite" finished-at="2023-12-22T12:37:17 IST" duration-ms="15939">
    <groups>
    </groups>
    <test started-at="2023-12-22T12:37:01 IST" name="Surefire test" finished-at="2023-12-22T12:37:17 IST" duration-ms="15939">
      <class name="amazon.runner.RunTest">
        <test-method is-config="true" signature="createReport()[pri:0, instance:amazon.runner.RunTest@59662a0b]" started-at="2023-12-22T12:37:01 IST" name="createReport" finished-at="2023-12-22T12:37:01 IST" duration-ms="229" status="PASS">
          <reporter-output>
          </reporter-output>
        </test-method> <!-- createReport -->
        <test-method is-config="true" signature="ConfigBrowser()[pri:0, instance:amazon.runner.RunTest@59662a0b]" started-at="2023-12-22T12:37:01 IST" name="ConfigBrowser" finished-at="2023-12-22T12:37:04 IST" duration-ms="2759" status="PASS">
          <reporter-output>
          </reporter-output>
        </test-method> <!-- ConfigBrowser -->
        <test-method signature="testcaseone()[pri:0, instance:amazon.runner.RunTest@59662a0b]" started-at="2023-12-22T12:37:04 IST" name="testcaseone" finished-at="2023-12-22T12:37:16 IST" duration-ms="12395" status="PASS">
          <reporter-output>
          </reporter-output>
        </test-method> <!-- testcaseone -->
        <test-method is-config="true" signature="exit()[pri:0, instance:amazon.runner.RunTest@59662a0b]" started-at="2023-12-22T12:37:16 IST" name="exit" finished-at="2023-12-22T12:37:17 IST" duration-ms="237" status="PASS">
          <reporter-output>
          </reporter-output>
        </test-method> <!-- exit -->
        <test-method is-config="true" signature="Flush()[pri:0, instance:amazon.runner.RunTest@59662a0b]" started-at="2023-12-22T12:37:17 IST" name="Flush" finished-at="2023-12-22T12:37:17 IST" duration-ms="288" status="PASS">
          <reporter-output>
          </reporter-output>
        </test-method> <!-- Flush -->
      </class> <!-- amazon.runner.RunTest -->
    </test> <!-- Surefire test -->
  </suite> <!-- Surefire suite -->
</testng-results>
